<?xml version="1.0" encoding="UTF-8"?>
<!-- Generated by org.testng.reporters.JUnitReportReporter -->
<testsuite skipped="0" hostname="chan" name="secondTest.SecondTest" tests="1" failures="0" timestamp="2020-01-23T10:50:01 IST" time="18.818" errors="0">
  <testcase name="validateFirstTest" time="18.818" classname="secondTest.SecondTest"/>
</testsuite> <!-- secondTest.SecondTest -->
