<?xml version="1.0" encoding="UTF-8"?>
<!-- Generated by org.testng.reporters.JUnitReportReporter -->
<testsuite skipped="0" hostname="chan" name="firstTest.FirstTest" tests="1" failures="0" timestamp="2020-01-23T10:50:01 IST" time="20.294" errors="0">
  <testcase name="validateFirstTest" time="20.294" classname="firstTest.FirstTest"/>
</testsuite> <!-- firstTest.FirstTest -->
