<?xml version="1.0" encoding="UTF-8"?>
<!-- Generated by org.testng.reporters.JUnitReportReporter -->
<testsuite skipped="0" hostname="chan" name="secondTest.SecondTest" tests="1" failures="0" timestamp="23 Jan 2020 05:26:11 GMT" time="19.209" errors="0">
  <testcase name="validateFirstTest" time="19.209" classname="secondTest.SecondTest"/>
</testsuite> <!-- secondTest.SecondTest -->
